02-07-2021 22:43:53 - Hello, world!
02-07-2021 22:43:53 - Starting 4 workers
02-07-2021 22:43:53 - Starting "actix-web-service-127.0.0.1:5000" service on 127.0.0.1:5000
02-07-2021 22:44:05 - login
02-07-2021 22:44:06 - 127.0.0.1:59727 "POST /api/auth HTTP/1.1" 200 66 "http://localhost:3000/" "Mozilla/5.0 (Macintosh; Intel Mac OS X 10_15_7) AppleWebKit/537.36 (KHTML, like Gecko) Chrome/87.0.4280.141 Safari/537.36" 0.985466
02-07-2021 22:52:13 - SIGINT received, exiting
02-07-2021 22:53:12 - Hello, world!
02-07-2021 22:53:12 - Starting 4 workers
02-07-2021 22:53:12 - Starting "actix-web-service-127.0.0.1:5000" service on 127.0.0.1:5000
02-07-2021 22:54:04 - login
02-07-2021 22:54:05 - 127.0.0.1:62238 "POST /api/auth HTTP/1.1" 200 66 "http://localhost:3000/" "Mozilla/5.0 (Macintosh; Intel Mac OS X 10_15_7) AppleWebKit/537.36 (KHTML, like Gecko) Chrome/87.0.4280.141 Safari/537.36" 1.198983
02-07-2021 22:55:52 - SIGINT received, exiting
02-07-2021 22:56:44 - Hello, world!
02-07-2021 22:56:44 - Starting 4 workers
02-07-2021 22:56:44 - Starting "actix-web-service-127.0.0.1:5000" service on 127.0.0.1:5000
02-07-2021 22:56:50 - info
02-07-2021 22:56:50 - warn
02-07-2021 22:56:50 - error
02-07-2021 22:56:51 - 127.0.0.1:62948 "POST /api/auth HTTP/1.1" 200 66 "http://localhost:3000/" "Mozilla/5.0 (Macintosh; Intel Mac OS X 10_15_7) AppleWebKit/537.36 (KHTML, like Gecko) Chrome/87.0.4280.141 Safari/537.36" 1.031561
02-07-2021 22:56:51 - info
02-07-2021 22:56:51 - warn
02-07-2021 22:56:51 - error
02-07-2021 22:56:52 - 127.0.0.1:62948 "POST /api/auth HTTP/1.1" 200 66 "http://localhost:3000/" "Mozilla/5.0 (Macintosh; Intel Mac OS X 10_15_7) AppleWebKit/537.36 (KHTML, like Gecko) Chrome/87.0.4280.141 Safari/537.36" 0.910732
02-07-2021 22:57:21 - SIGINT received, exiting
02-07-2021 22:58:19 - Starting 4 workers
02-07-2021 22:58:19 - Starting "actix-web-service-127.0.0.1:5000" service on 127.0.0.1:5000
02-07-2021 22:58:24 - info
02-07-2021 22:58:24 - debug
02-07-2021 22:58:24 - warn
02-07-2021 22:58:24 - error
02-07-2021 22:58:25 - 127.0.0.1:63365 "POST /api/auth HTTP/1.1" 200 66 "http://localhost:3000/" "Mozilla/5.0 (Macintosh; Intel Mac OS X 10_15_7) AppleWebKit/537.36 (KHTML, like Gecko) Chrome/87.0.4280.141 Safari/537.36" 1.264354
02-07-2021 23:09:09 - SIGINT received, exiting
02-08-2021 00:01:17 - Starting 4 workers
02-08-2021 00:01:17 - Starting "actix-web-service-127.0.0.1:5000" service on 127.0.0.1:5000
02-08-2021 00:20:28 - SIGINT received, exiting
02-08-2021 23:38:22 - Starting 4 workers
02-08-2021 23:38:22 - Starting "actix-web-service-127.0.0.1:5000" service on 127.0.0.1:5000
02-08-2021 23:38:39 - 127.0.0.1:60864 "POST /api/auth HTTP/1.1" 200 66 "http://localhost:3000/" "Mozilla/5.0 (Macintosh; Intel Mac OS X 10_15_7) AppleWebKit/537.36 (KHTML, like Gecko) Chrome/87.0.4280.141 Safari/537.36" 1.811432
02-08-2021 23:38:47 - 127.0.0.1:60909 "DELETE /api/auth HTTP/1.1" 200 0 "http://localhost:3000/" "Mozilla/5.0 (Macintosh; Intel Mac OS X 10_15_7) AppleWebKit/537.36 (KHTML, like Gecko) Chrome/87.0.4280.141 Safari/537.36" 0.000663
02-08-2021 23:38:53 - 127.0.0.1:60909 "POST /api/auth HTTP/1.1" 200 66 "http://localhost:3000/" "Mozilla/5.0 (Macintosh; Intel Mac OS X 10_15_7) AppleWebKit/537.36 (KHTML, like Gecko) Chrome/87.0.4280.141 Safari/537.36" 0.659382
02-08-2021 23:38:57 - 127.0.0.1:60951 "DELETE /api/auth HTTP/1.1" 200 0 "http://localhost:3000/" "Mozilla/5.0 (Macintosh; Intel Mac OS X 10_15_7) AppleWebKit/537.36 (KHTML, like Gecko) Chrome/87.0.4280.141 Safari/537.36" 0.000857
02-08-2021 23:42:25 - Error in response: Unauthorized
02-08-2021 23:42:25 - 127.0.0.1:61810 "GET /api/auth HTTP/1.1" 401 14 "http://localhost:3000/" "Mozilla/5.0 (Macintosh; Intel Mac OS X 10_15_7) AppleWebKit/537.36 (KHTML, like Gecko) Chrome/87.0.4280.141 Safari/537.36" 0.001896
02-08-2021 23:43:56 - Error in response: Unauthorized
02-08-2021 23:43:56 - 127.0.0.1:62213 "GET /api/auth HTTP/1.1" 401 14 "http://localhost:3000/" "Mozilla/5.0 (Macintosh; Intel Mac OS X 10_15_7) AppleWebKit/537.36 (KHTML, like Gecko) Chrome/87.0.4280.141 Safari/537.36" 0.000892
02-08-2021 23:44:39 - Error in response: Unauthorized
02-08-2021 23:44:39 - 127.0.0.1:62421 "GET /api/auth HTTP/1.1" 401 14 "http://localhost:3000/" "Mozilla/5.0 (Macintosh; Intel Mac OS X 10_15_7) AppleWebKit/537.36 (KHTML, like Gecko) Chrome/87.0.4280.141 Safari/537.36" 0.000951
02-08-2021 23:45:30 - Error in response: Unauthorized
02-08-2021 23:45:30 - 127.0.0.1:62652 "GET /api/auth HTTP/1.1" 401 14 "http://localhost:3000/" "Mozilla/5.0 (Macintosh; Intel Mac OS X 10_15_7) AppleWebKit/537.36 (KHTML, like Gecko) Chrome/87.0.4280.141 Safari/537.36" 0.002502
02-09-2021 00:09:29 - Error in response: Unauthorized
02-09-2021 00:09:29 - 127.0.0.1:65004 "GET /api/auth HTTP/1.1" 401 14 "http://localhost:3000/" "Mozilla/5.0 (Macintosh; Intel Mac OS X 10_15_7) AppleWebKit/537.36 (KHTML, like Gecko) Chrome/87.0.4280.141 Safari/537.36" 0.001359
02-09-2021 00:12:20 - Error in response: Unauthorized
02-09-2021 00:12:20 - 127.0.0.1:49378 "GET /api/auth HTTP/1.1" 401 14 "http://localhost:3000/" "Mozilla/5.0 (Macintosh; Intel Mac OS X 10_15_7) AppleWebKit/537.36 (KHTML, like Gecko) Chrome/87.0.4280.141 Safari/537.36" 0.000934
02-09-2021 00:13:09 - Error in response: Unauthorized
02-09-2021 00:13:09 - 127.0.0.1:49611 "GET /api/auth HTTP/1.1" 401 14 "http://localhost:3000/" "Mozilla/5.0 (Macintosh; Intel Mac OS X 10_15_7) AppleWebKit/537.36 (KHTML, like Gecko) Chrome/87.0.4280.141 Safari/537.36" 0.000961
02-09-2021 00:15:33 - Error in response: Unauthorized
02-09-2021 00:15:33 - 127.0.0.1:50245 "GET /api/auth HTTP/1.1" 401 14 "http://localhost:3000/" "Mozilla/5.0 (Macintosh; Intel Mac OS X 10_15_7) AppleWebKit/537.36 (KHTML, like Gecko) Chrome/87.0.4280.141 Safari/537.36" 0.001184
02-09-2021 00:30:00 - Error in response: Unauthorized
02-09-2021 00:30:00 - 127.0.0.1:53908 "GET /api/auth HTTP/1.1" 401 14 "http://localhost:3000/" "Mozilla/5.0 (Macintosh; Intel Mac OS X 10_15_7) AppleWebKit/537.36 (KHTML, like Gecko) Chrome/87.0.4280.141 Safari/537.36" 0.001532
02-09-2021 00:32:39 - Error in response: Unauthorized
02-09-2021 00:32:39 - 127.0.0.1:54566 "GET /api/auth HTTP/1.1" 401 14 "http://localhost:3000/" "Mozilla/5.0 (Macintosh; Intel Mac OS X 10_15_7) AppleWebKit/537.36 (KHTML, like Gecko) Chrome/87.0.4280.141 Safari/537.36" 0.001171
02-09-2021 00:33:26 - Error in response: Unauthorized
02-09-2021 00:33:26 - 127.0.0.1:54773 "GET /api/auth HTTP/1.1" 401 14 "http://localhost:3000/" "Mozilla/5.0 (Macintosh; Intel Mac OS X 10_15_7) AppleWebKit/537.36 (KHTML, like Gecko) Chrome/87.0.4280.141 Safari/537.36" 0.001342
02-09-2021 00:39:24 - Error in response: Unauthorized
02-09-2021 00:39:24 - 127.0.0.1:56310 "GET /api/auth HTTP/1.1" 401 14 "http://localhost:3000/" "Mozilla/5.0 (Macintosh; Intel Mac OS X 10_15_7) AppleWebKit/537.36 (KHTML, like Gecko) Chrome/87.0.4280.141 Safari/537.36" 0.001343
02-09-2021 00:44:46 - Error in response: Unauthorized
02-09-2021 00:44:46 - 127.0.0.1:57719 "GET /api/auth HTTP/1.1" 401 14 "http://localhost:3000/" "Mozilla/5.0 (Macintosh; Intel Mac OS X 10_15_7) AppleWebKit/537.36 (KHTML, like Gecko) Chrome/87.0.4280.141 Safari/537.36" 0.001318
02-09-2021 00:46:13 - Error in response: Unauthorized
02-09-2021 00:46:13 - 127.0.0.1:58117 "GET /api/auth HTTP/1.1" 401 14 "http://localhost:3000/" "Mozilla/5.0 (Macintosh; Intel Mac OS X 10_15_7) AppleWebKit/537.36 (KHTML, like Gecko) Chrome/87.0.4280.141 Safari/537.36" 0.001454
02-09-2021 00:46:42 - Error in response: Unauthorized
02-09-2021 00:46:42 - 127.0.0.1:58250 "GET /api/auth HTTP/1.1" 401 14 "http://localhost:3000/" "Mozilla/5.0 (Macintosh; Intel Mac OS X 10_15_7) AppleWebKit/537.36 (KHTML, like Gecko) Chrome/87.0.4280.141 Safari/537.36" 0.000943
02-09-2021 00:46:43 - Error in response: Unauthorized
02-09-2021 00:46:43 - 127.0.0.1:58250 "GET /api/auth HTTP/1.1" 401 14 "http://localhost:3000/" "Mozilla/5.0 (Macintosh; Intel Mac OS X 10_15_7) AppleWebKit/537.36 (KHTML, like Gecko) Chrome/87.0.4280.141 Safari/537.36" 0.000986
02-09-2021 00:46:53 - Error in response: Unauthorized
02-09-2021 00:46:53 - 127.0.0.1:58307 "POST /api/auth HTTP/1.1" 401 14 "http://localhost:3000/" "Mozilla/5.0 (Macintosh; Intel Mac OS X 10_15_7) AppleWebKit/537.36 (KHTML, like Gecko) Chrome/87.0.4280.141 Safari/537.36" 0.026515
02-09-2021 00:47:28 - Error in response: Unauthorized
02-09-2021 00:47:28 - 127.0.0.1:58475 "POST /api/auth HTTP/1.1" 401 14 "http://localhost:3000/" "Mozilla/5.0 (Macintosh; Intel Mac OS X 10_15_7) AppleWebKit/537.36 (KHTML, like Gecko) Chrome/87.0.4280.141 Safari/537.36" 0.029957
02-09-2021 00:47:31 - Error in response: Unauthorized
02-09-2021 00:47:31 - 127.0.0.1:58475 "POST /api/auth HTTP/1.1" 401 14 "http://localhost:3000/" "Mozilla/5.0 (Macintosh; Intel Mac OS X 10_15_7) AppleWebKit/537.36 (KHTML, like Gecko) Chrome/87.0.4280.141 Safari/537.36" 0.021595
02-09-2021 00:48:28 - Error in response: Unauthorized
02-09-2021 00:48:28 - 127.0.0.1:58754 "GET /api/auth HTTP/1.1" 401 14 "http://localhost:3000/" "Mozilla/5.0 (Macintosh; Intel Mac OS X 10_15_7) AppleWebKit/537.36 (KHTML, like Gecko) Chrome/87.0.4280.141 Safari/537.36" 0.001094
02-09-2021 00:49:15 - Error in response: Unauthorized
02-09-2021 00:49:15 - 127.0.0.1:58962 "GET /api/auth HTTP/1.1" 401 14 "http://localhost:3000/" "Mozilla/5.0 (Macintosh; Intel Mac OS X 10_15_7) AppleWebKit/537.36 (KHTML, like Gecko) Chrome/87.0.4280.141 Safari/537.36" 0.001172
02-09-2021 00:49:47 - Error in response: Unauthorized
02-09-2021 00:49:47 - 127.0.0.1:59122 "GET /api/auth HTTP/1.1" 401 14 "http://localhost:3000/" "Mozilla/5.0 (Macintosh; Intel Mac OS X 10_15_7) AppleWebKit/537.36 (KHTML, like Gecko) Chrome/87.0.4280.141 Safari/537.36" 0.000791
02-09-2021 00:50:18 - Error in response: Unauthorized
02-09-2021 00:50:18 - 127.0.0.1:59255 "GET /api/auth HTTP/1.1" 401 14 "http://localhost:3000/" "Mozilla/5.0 (Macintosh; Intel Mac OS X 10_15_7) AppleWebKit/537.36 (KHTML, like Gecko) Chrome/87.0.4280.141 Safari/537.36" 0.000881
02-09-2021 00:50:20 - Error in response: Unauthorized
02-09-2021 00:50:20 - 127.0.0.1:59255 "POST /api/auth HTTP/1.1" 401 14 "http://localhost:3000/" "Mozilla/5.0 (Macintosh; Intel Mac OS X 10_15_7) AppleWebKit/537.36 (KHTML, like Gecko) Chrome/87.0.4280.141 Safari/537.36" 0.002405
02-09-2021 00:50:24 - Error in response: Unauthorized
02-09-2021 00:50:24 - 127.0.0.1:59255 "POST /api/auth HTTP/1.1" 401 14 "http://localhost:3000/" "Mozilla/5.0 (Macintosh; Intel Mac OS X 10_15_7) AppleWebKit/537.36 (KHTML, like Gecko) Chrome/87.0.4280.141 Safari/537.36" 0.005461
02-09-2021 00:50:27 - Error in response: Unauthorized
02-09-2021 00:50:27 - 127.0.0.1:59255 "POST /api/auth HTTP/1.1" 401 14 "http://localhost:3000/" "Mozilla/5.0 (Macintosh; Intel Mac OS X 10_15_7) AppleWebKit/537.36 (KHTML, like Gecko) Chrome/87.0.4280.141 Safari/537.36" 0.005669
02-09-2021 00:50:30 - Error in response: Unauthorized
02-09-2021 00:50:30 - 127.0.0.1:59255 "POST /api/auth HTTP/1.1" 401 14 "http://localhost:3000/" "Mozilla/5.0 (Macintosh; Intel Mac OS X 10_15_7) AppleWebKit/537.36 (KHTML, like Gecko) Chrome/87.0.4280.141 Safari/537.36" 0.006793
02-09-2021 00:51:02 - 127.0.0.1:59444 "POST /api/auth HTTP/1.1" 200 66 "http://localhost:3000/" "Mozilla/5.0 (Macintosh; Intel Mac OS X 10_15_7) AppleWebKit/537.36 (KHTML, like Gecko) Chrome/87.0.4280.141 Safari/537.36" 0.793665
02-09-2021 00:51:10 - 127.0.0.1:59482 "DELETE /api/auth HTTP/1.1" 200 0 "http://localhost:3000/" "Mozilla/5.0 (Macintosh; Intel Mac OS X 10_15_7) AppleWebKit/537.36 (KHTML, like Gecko) Chrome/87.0.4280.141 Safari/537.36" 0.001051
02-09-2021 00:52:10 - 127.0.0.1:59744 "POST /api/auth HTTP/1.1" 200 66 "http://localhost:3000/" "Mozilla/5.0 (Macintosh; Intel Mac OS X 10_15_7) AppleWebKit/537.36 (KHTML, like Gecko) Chrome/87.0.4280.141 Safari/537.36" 0.827502
02-09-2021 00:54:44 - 127.0.0.1:60438 "GET /api/auth HTTP/1.1" 200 66 "http://localhost:3000/" "Mozilla/5.0 (Macintosh; Intel Mac OS X 10_15_7) AppleWebKit/537.36 (KHTML, like Gecko) Chrome/87.0.4280.141 Safari/537.36" 0.000586
02-09-2021 00:54:48 - 127.0.0.1:60438 "DELETE /api/auth HTTP/1.1" 200 0 "http://localhost:3000/" "Mozilla/5.0 (Macintosh; Intel Mac OS X 10_15_7) AppleWebKit/537.36 (KHTML, like Gecko) Chrome/87.0.4280.141 Safari/537.36" 0.000695
02-09-2021 00:55:59 - Error in response: Unauthorized
02-09-2021 00:55:59 - 127.0.0.1:60778 "GET /api/auth HTTP/1.1" 401 14 "http://localhost:3000/" "Mozilla/5.0 (Macintosh; Intel Mac OS X 10_15_7) AppleWebKit/537.36 (KHTML, like Gecko) Chrome/87.0.4280.141 Safari/537.36" 0.001015
02-09-2021 00:59:02 - Error in response: Unauthorized
02-09-2021 00:59:02 - 127.0.0.1:61572 "GET /api/auth HTTP/1.1" 401 14 "http://localhost:3000/" "Mozilla/5.0 (Macintosh; Intel Mac OS X 10_15_7) AppleWebKit/537.36 (KHTML, like Gecko) Chrome/87.0.4280.141 Safari/537.36" 0.000891
02-09-2021 00:59:40 - Error in response: Unauthorized
02-09-2021 00:59:40 - 127.0.0.1:61740 "GET /api/auth HTTP/1.1" 401 14 "http://localhost:3000/" "Mozilla/5.0 (Macintosh; Intel Mac OS X 10_15_7) AppleWebKit/537.36 (KHTML, like Gecko) Chrome/87.0.4280.141 Safari/537.36" 0.000705
02-09-2021 01:01:38 - Error in response: Unauthorized
02-09-2021 01:01:38 - 127.0.0.1:62252 "GET /api/auth HTTP/1.1" 401 14 "http://localhost:3000/" "Mozilla/5.0 (Macintosh; Intel Mac OS X 10_15_7) AppleWebKit/537.36 (KHTML, like Gecko) Chrome/87.0.4280.141 Safari/537.36" 0.001023
02-09-2021 01:01:45 - Error in response: Unauthorized
02-09-2021 01:01:45 - 127.0.0.1:62294 "GET /api/auth HTTP/1.1" 401 14 "http://localhost:3000/" "Mozilla/5.0 (Macintosh; Intel Mac OS X 10_15_7) AppleWebKit/537.36 (KHTML, like Gecko) Chrome/87.0.4280.141 Safari/537.36" 0.000803
02-09-2021 01:02:09 - 127.0.0.1:62396 "POST /api/auth HTTP/1.1" 200 66 "http://localhost:3000/" "Mozilla/5.0 (Macintosh; Intel Mac OS X 10_15_7) AppleWebKit/537.36 (KHTML, like Gecko) Chrome/87.0.4280.141 Safari/537.36" 1.037690
02-09-2021 01:02:11 - 127.0.0.1:62396 "DELETE /api/auth HTTP/1.1" 200 0 "http://localhost:3000/" "Mozilla/5.0 (Macintosh; Intel Mac OS X 10_15_7) AppleWebKit/537.36 (KHTML, like Gecko) Chrome/87.0.4280.141 Safari/537.36" 0.000632
02-09-2021 01:02:42 - Error in response: Unauthorized
02-09-2021 01:02:42 - 127.0.0.1:62558 "GET /api/auth HTTP/1.1" 401 14 "http://localhost:3000/" "Mozilla/5.0 (Macintosh; Intel Mac OS X 10_15_7) AppleWebKit/537.36 (KHTML, like Gecko) Chrome/87.0.4280.141 Safari/537.36" 0.001215
02-09-2021 01:05:17 - Error in response: Unauthorized
02-09-2021 01:05:17 - 127.0.0.1:63236 "GET /api/auth HTTP/1.1" 401 14 "http://localhost:3000/" "Mozilla/5.0 (Macintosh; Intel Mac OS X 10_15_7) AppleWebKit/537.36 (KHTML, like Gecko) Chrome/87.0.4280.141 Safari/537.36" 0.001169
02-09-2021 01:05:29 - Error in response: Unauthorized
02-09-2021 01:05:29 - 127.0.0.1:63298 "GET /api/auth HTTP/1.1" 401 14 "http://localhost:3000/" "Mozilla/5.0 (Macintosh; Intel Mac OS X 10_15_7) AppleWebKit/537.36 (KHTML, like Gecko) Chrome/87.0.4280.141 Safari/537.36" 0.000578
02-09-2021 01:07:32 - Error in response: Unauthorized
02-09-2021 01:07:32 - 127.0.0.1:63833 "GET /api/auth HTTP/1.1" 401 14 "http://localhost:3000/" "Mozilla/5.0 (Macintosh; Intel Mac OS X 10_15_7) AppleWebKit/537.36 (KHTML, like Gecko) Chrome/87.0.4280.141 Safari/537.36" 0.001000
02-09-2021 01:10:00 - 127.0.0.1:64481 "POST /api/auth HTTP/1.1" 200 66 "http://localhost:3000/" "Mozilla/5.0 (Macintosh; Intel Mac OS X 10_15_7) AppleWebKit/537.36 (KHTML, like Gecko) Chrome/87.0.4280.141 Safari/537.36" 0.926507
02-09-2021 01:10:11 - 127.0.0.1:64539 "GET /api/auth HTTP/1.1" 200 66 "http://localhost:3000/" "Mozilla/5.0 (Macintosh; Intel Mac OS X 10_15_7) AppleWebKit/537.36 (KHTML, like Gecko) Chrome/87.0.4280.141 Safari/537.36" 0.000858
02-09-2021 01:10:34 - 127.0.0.1:64636 "DELETE /api/auth HTTP/1.1" 200 0 "http://localhost:3000/" "Mozilla/5.0 (Macintosh; Intel Mac OS X 10_15_7) AppleWebKit/537.36 (KHTML, like Gecko) Chrome/87.0.4280.141 Safari/537.36" 0.000993
02-09-2021 01:10:51 - Error in response: Unauthorized
02-09-2021 01:10:51 - 127.0.0.1:64719 "POST /api/auth HTTP/1.1" 401 14 "http://localhost:3000/" "Mozilla/5.0 (Macintosh; Intel Mac OS X 10_15_7) AppleWebKit/537.36 (KHTML, like Gecko) Chrome/87.0.4280.141 Safari/537.36" 0.006172
02-09-2021 22:14:12 - could not connect to server: Connection refused
	Is the server running on host "localhost" (::1) and accepting
	TCP/IP connections on port 5432?
could not connect to server: Connection refused
	Is the server running on host "localhost" (fe80::1) and accepting
	TCP/IP connections on port 5432?
could not connect to server: Connection refused
	Is the server running on host "localhost" (127.0.0.1) and accepting
	TCP/IP connections on port 5432?

02-09-2021 22:14:12 - could not connect to server: Connection refused
	Is the server running on host "localhost" (::1) and accepting
	TCP/IP connections on port 5432?
could not connect to server: Connection refused
	Is the server running on host "localhost" (fe80::1) and accepting
	TCP/IP connections on port 5432?
could not connect to server: Connection refused
	Is the server running on host "localhost" (127.0.0.1) and accepting
	TCP/IP connections on port 5432?

02-09-2021 22:14:12 - could not connect to server: Connection refused
	Is the server running on host "localhost" (::1) and accepting
	TCP/IP connections on port 5432?
could not connect to server: Connection refused
	Is the server running on host "localhost" (fe80::1) and accepting
	TCP/IP connections on port 5432?
could not connect to server: Connection refused
	Is the server running on host "localhost" (127.0.0.1) and accepting
	TCP/IP connections on port 5432?

02-09-2021 22:14:12 - could not connect to server: Connection refused
	Is the server running on host "localhost" (::1) and accepting
	TCP/IP connections on port 5432?
could not connect to server: Connection refused
	Is the server running on host "localhost" (fe80::1) and accepting
	TCP/IP connections on port 5432?
could not connect to server: Connection refused
	Is the server running on host "localhost" (127.0.0.1) and accepting
	TCP/IP connections on port 5432?

02-09-2021 22:14:12 - could not connect to server: Connection refused
	Is the server running on host "localhost" (::1) and accepting
	TCP/IP connections on port 5432?
could not connect to server: Connection refused
	Is the server running on host "localhost" (fe80::1) and accepting
	TCP/IP connections on port 5432?
could not connect to server: Connection refused
	Is the server running on host "localhost" (127.0.0.1) and accepting
	TCP/IP connections on port 5432?

02-09-2021 22:14:12 - could not connect to server: Connection refused
	Is the server running on host "localhost" (::1) and accepting
	TCP/IP connections on port 5432?
could not connect to server: Connection refused
	Is the server running on host "localhost" (fe80::1) and accepting
	TCP/IP connections on port 5432?
could not connect to server: Connection refused
	Is the server running on host "localhost" (127.0.0.1) and accepting
	TCP/IP connections on port 5432?

02-09-2021 22:14:12 - could not connect to server: Connection refused
	Is the server running on host "localhost" (::1) and accepting
	TCP/IP connections on port 5432?
could not connect to server: Connection refused
	Is the server running on host "localhost" (fe80::1) and accepting
	TCP/IP connections on port 5432?
could not connect to server: Connection refused
	Is the server running on host "localhost" (127.0.0.1) and accepting
	TCP/IP connections on port 5432?

02-09-2021 22:14:12 - could not connect to server: Connection refused
	Is the server running on host "localhost" (::1) and accepting
	TCP/IP connections on port 5432?
could not connect to server: Connection refused
	Is the server running on host "localhost" (fe80::1) and accepting
	TCP/IP connections on port 5432?
could not connect to server: Connection refused
	Is the server running on host "localhost" (127.0.0.1) and accepting
	TCP/IP connections on port 5432?

02-09-2021 22:14:12 - could not connect to server: Connection refused
	Is the server running on host "localhost" (::1) and accepting
	TCP/IP connections on port 5432?
could not connect to server: Connection refused
	Is the server running on host "localhost" (fe80::1) and accepting
	TCP/IP connections on port 5432?
could not connect to server: Connection refused
	Is the server running on host "localhost" (127.0.0.1) and accepting
	TCP/IP connections on port 5432?

02-09-2021 22:14:12 - could not connect to server: Connection refused
	Is the server running on host "localhost" (::1) and accepting
	TCP/IP connections on port 5432?
could not connect to server: Connection refused
	Is the server running on host "localhost" (fe80::1) and accepting
	TCP/IP connections on port 5432?
could not connect to server: Connection refused
	Is the server running on host "localhost" (127.0.0.1) and accepting
	TCP/IP connections on port 5432?

02-09-2021 22:14:13 - could not connect to server: Connection refused
	Is the server running on host "localhost" (::1) and accepting
	TCP/IP connections on port 5432?
could not connect to server: Connection refused
	Is the server running on host "localhost" (fe80::1) and accepting
	TCP/IP connections on port 5432?
could not connect to server: Connection refused
	Is the server running on host "localhost" (127.0.0.1) and accepting
	TCP/IP connections on port 5432?

02-09-2021 22:14:13 - could not connect to server: Connection refused
	Is the server running on host "localhost" (::1) and accepting
	TCP/IP connections on port 5432?
could not connect to server: Connection refused
	Is the server running on host "localhost" (fe80::1) and accepting
	TCP/IP connections on port 5432?
could not connect to server: Connection refused
	Is the server running on host "localhost" (127.0.0.1) and accepting
	TCP/IP connections on port 5432?

02-09-2021 22:14:13 - could not connect to server: Connection refused
	Is the server running on host "localhost" (::1) and accepting
	TCP/IP connections on port 5432?
could not connect to server: Connection refused
	Is the server running on host "localhost" (fe80::1) and accepting
	TCP/IP connections on port 5432?
could not connect to server: Connection refused
	Is the server running on host "localhost" (127.0.0.1) and accepting
	TCP/IP connections on port 5432?

02-09-2021 22:14:13 - could not connect to server: Connection refused
	Is the server running on host "localhost" (::1) and accepting
	TCP/IP connections on port 5432?
could not connect to server: Connection refused
	Is the server running on host "localhost" (fe80::1) and accepting
	TCP/IP connections on port 5432?
could not connect to server: Connection refused
	Is the server running on host "localhost" (127.0.0.1) and accepting
	TCP/IP connections on port 5432?

02-09-2021 22:14:13 - could not connect to server: Connection refused
	Is the server running on host "localhost" (::1) and accepting
	TCP/IP connections on port 5432?
could not connect to server: Connection refused
	Is the server running on host "localhost" (fe80::1) and accepting
	TCP/IP connections on port 5432?
could not connect to server: Connection refused
	Is the server running on host "localhost" (127.0.0.1) and accepting
	TCP/IP connections on port 5432?

02-09-2021 22:14:13 - could not connect to server: Connection refused
	Is the server running on host "localhost" (::1) and accepting
	TCP/IP connections on port 5432?
could not connect to server: Connection refused
	Is the server running on host "localhost" (fe80::1) and accepting
	TCP/IP connections on port 5432?
could not connect to server: Connection refused
	Is the server running on host "localhost" (127.0.0.1) and accepting
	TCP/IP connections on port 5432?

02-09-2021 22:14:13 - could not connect to server: Connection refused
	Is the server running on host "localhost" (::1) and accepting
	TCP/IP connections on port 5432?
could not connect to server: Connection refused
	Is the server running on host "localhost" (fe80::1) and accepting
	TCP/IP connections on port 5432?
could not connect to server: Connection refused
	Is the server running on host "localhost" (127.0.0.1) and accepting
	TCP/IP connections on port 5432?

02-09-2021 22:14:13 - could not connect to server: Connection refused
	Is the server running on host "localhost" (::1) and accepting
	TCP/IP connections on port 5432?
could not connect to server: Connection refused
	Is the server running on host "localhost" (fe80::1) and accepting
	TCP/IP connections on port 5432?
could not connect to server: Connection refused
	Is the server running on host "localhost" (127.0.0.1) and accepting
	TCP/IP connections on port 5432?

02-09-2021 22:14:13 - could not connect to server: Connection refused
	Is the server running on host "localhost" (::1) and accepting
	TCP/IP connections on port 5432?
could not connect to server: Connection refused
	Is the server running on host "localhost" (fe80::1) and accepting
	TCP/IP connections on port 5432?
could not connect to server: Connection refused
	Is the server running on host "localhost" (127.0.0.1) and accepting
	TCP/IP connections on port 5432?

02-09-2021 22:14:13 - could not connect to server: Connection refused
	Is the server running on host "localhost" (::1) and accepting
	TCP/IP connections on port 5432?
could not connect to server: Connection refused
	Is the server running on host "localhost" (fe80::1) and accepting
	TCP/IP connections on port 5432?
could not connect to server: Connection refused
	Is the server running on host "localhost" (127.0.0.1) and accepting
	TCP/IP connections on port 5432?

02-09-2021 22:14:13 - could not connect to server: Connection refused
	Is the server running on host "localhost" (::1) and accepting
	TCP/IP connections on port 5432?
could not connect to server: Connection refused
	Is the server running on host "localhost" (fe80::1) and accepting
	TCP/IP connections on port 5432?
could not connect to server: Connection refused
	Is the server running on host "localhost" (127.0.0.1) and accepting
	TCP/IP connections on port 5432?

02-09-2021 22:14:13 - could not connect to server: Connection refused
	Is the server running on host "localhost" (::1) and accepting
	TCP/IP connections on port 5432?
could not connect to server: Connection refused
	Is the server running on host "localhost" (fe80::1) and accepting
	TCP/IP connections on port 5432?
could not connect to server: Connection refused
	Is the server running on host "localhost" (127.0.0.1) and accepting
	TCP/IP connections on port 5432?

02-09-2021 22:14:13 - could not connect to server: Connection refused
	Is the server running on host "localhost" (::1) and accepting
	TCP/IP connections on port 5432?
could not connect to server: Connection refused
	Is the server running on host "localhost" (fe80::1) and accepting
	TCP/IP connections on port 5432?
could not connect to server: Connection refused
	Is the server running on host "localhost" (127.0.0.1) and accepting
	TCP/IP connections on port 5432?

02-09-2021 22:14:13 - could not connect to server: Connection refused
	Is the server running on host "localhost" (::1) and accepting
	TCP/IP connections on port 5432?
could not connect to server: Connection refused
	Is the server running on host "localhost" (fe80::1) and accepting
	TCP/IP connections on port 5432?
could not connect to server: Connection refused
	Is the server running on host "localhost" (127.0.0.1) and accepting
	TCP/IP connections on port 5432?

02-09-2021 22:14:13 - could not connect to server: Connection refused
	Is the server running on host "localhost" (::1) and accepting
	TCP/IP connections on port 5432?
could not connect to server: Connection refused
	Is the server running on host "localhost" (fe80::1) and accepting
	TCP/IP connections on port 5432?
could not connect to server: Connection refused
	Is the server running on host "localhost" (127.0.0.1) and accepting
	TCP/IP connections on port 5432?

02-09-2021 22:14:13 - could not connect to server: Connection refused
	Is the server running on host "localhost" (::1) and accepting
	TCP/IP connections on port 5432?
could not connect to server: Connection refused
	Is the server running on host "localhost" (fe80::1) and accepting
	TCP/IP connections on port 5432?
could not connect to server: Connection refused
	Is the server running on host "localhost" (127.0.0.1) and accepting
	TCP/IP connections on port 5432?

02-09-2021 22:14:13 - could not connect to server: Connection refused
	Is the server running on host "localhost" (::1) and accepting
	TCP/IP connections on port 5432?
could not connect to server: Connection refused
	Is the server running on host "localhost" (fe80::1) and accepting
	TCP/IP connections on port 5432?
could not connect to server: Connection refused
	Is the server running on host "localhost" (127.0.0.1) and accepting
	TCP/IP connections on port 5432?

02-09-2021 22:14:13 - could not connect to server: Connection refused
	Is the server running on host "localhost" (::1) and accepting
	TCP/IP connections on port 5432?
could not connect to server: Connection refused
	Is the server running on host "localhost" (fe80::1) and accepting
	TCP/IP connections on port 5432?
could not connect to server: Connection refused
	Is the server running on host "localhost" (127.0.0.1) and accepting
	TCP/IP connections on port 5432?

02-09-2021 22:14:14 - could not connect to server: Connection refused
	Is the server running on host "localhost" (::1) and accepting
	TCP/IP connections on port 5432?
could not connect to server: Connection refused
	Is the server running on host "localhost" (fe80::1) and accepting
	TCP/IP connections on port 5432?
could not connect to server: Connection refused
	Is the server running on host "localhost" (127.0.0.1) and accepting
	TCP/IP connections on port 5432?

02-09-2021 22:14:14 - could not connect to server: Connection refused
	Is the server running on host "localhost" (::1) and accepting
	TCP/IP connections on port 5432?
could not connect to server: Connection refused
	Is the server running on host "localhost" (fe80::1) and accepting
	TCP/IP connections on port 5432?
could not connect to server: Connection refused
	Is the server running on host "localhost" (127.0.0.1) and accepting
	TCP/IP connections on port 5432?

02-09-2021 22:14:15 - could not connect to server: Connection refused
	Is the server running on host "localhost" (::1) and accepting
	TCP/IP connections on port 5432?
could not connect to server: Connection refused
	Is the server running on host "localhost" (fe80::1) and accepting
	TCP/IP connections on port 5432?
could not connect to server: Connection refused
	Is the server running on host "localhost" (127.0.0.1) and accepting
	TCP/IP connections on port 5432?

02-09-2021 22:14:15 - could not connect to server: Connection refused
	Is the server running on host "localhost" (::1) and accepting
	TCP/IP connections on port 5432?
could not connect to server: Connection refused
	Is the server running on host "localhost" (fe80::1) and accepting
	TCP/IP connections on port 5432?
could not connect to server: Connection refused
	Is the server running on host "localhost" (127.0.0.1) and accepting
	TCP/IP connections on port 5432?

02-09-2021 22:14:15 - could not connect to server: Connection refused
	Is the server running on host "localhost" (::1) and accepting
	TCP/IP connections on port 5432?
could not connect to server: Connection refused
	Is the server running on host "localhost" (fe80::1) and accepting
	TCP/IP connections on port 5432?
could not connect to server: Connection refused
	Is the server running on host "localhost" (127.0.0.1) and accepting
	TCP/IP connections on port 5432?

02-09-2021 22:14:15 - could not connect to server: Connection refused
	Is the server running on host "localhost" (::1) and accepting
	TCP/IP connections on port 5432?
could not connect to server: Connection refused
	Is the server running on host "localhost" (fe80::1) and accepting
	TCP/IP connections on port 5432?
could not connect to server: Connection refused
	Is the server running on host "localhost" (127.0.0.1) and accepting
	TCP/IP connections on port 5432?

02-09-2021 22:14:15 - could not connect to server: Connection refused
	Is the server running on host "localhost" (::1) and accepting
	TCP/IP connections on port 5432?
could not connect to server: Connection refused
	Is the server running on host "localhost" (fe80::1) and accepting
	TCP/IP connections on port 5432?
could not connect to server: Connection refused
	Is the server running on host "localhost" (127.0.0.1) and accepting
	TCP/IP connections on port 5432?

02-09-2021 22:14:15 - could not connect to server: Connection refused
	Is the server running on host "localhost" (::1) and accepting
	TCP/IP connections on port 5432?
could not connect to server: Connection refused
	Is the server running on host "localhost" (fe80::1) and accepting
	TCP/IP connections on port 5432?
could not connect to server: Connection refused
	Is the server running on host "localhost" (127.0.0.1) and accepting
	TCP/IP connections on port 5432?

02-09-2021 22:14:15 - could not connect to server: Connection refused
	Is the server running on host "localhost" (::1) and accepting
	TCP/IP connections on port 5432?
could not connect to server: Connection refused
	Is the server running on host "localhost" (fe80::1) and accepting
	TCP/IP connections on port 5432?
could not connect to server: Connection refused
	Is the server running on host "localhost" (127.0.0.1) and accepting
	TCP/IP connections on port 5432?

02-09-2021 22:14:15 - could not connect to server: Connection refused
	Is the server running on host "localhost" (::1) and accepting
	TCP/IP connections on port 5432?
could not connect to server: Connection refused
	Is the server running on host "localhost" (fe80::1) and accepting
	TCP/IP connections on port 5432?
could not connect to server: Connection refused
	Is the server running on host "localhost" (127.0.0.1) and accepting
	TCP/IP connections on port 5432?

02-09-2021 22:14:15 - could not connect to server: Connection refused
	Is the server running on host "localhost" (::1) and accepting
	TCP/IP connections on port 5432?
could not connect to server: Connection refused
	Is the server running on host "localhost" (fe80::1) and accepting
	TCP/IP connections on port 5432?
could not connect to server: Connection refused
	Is the server running on host "localhost" (127.0.0.1) and accepting
	TCP/IP connections on port 5432?

02-09-2021 22:14:15 - could not connect to server: Connection refused
	Is the server running on host "localhost" (::1) and accepting
	TCP/IP connections on port 5432?
could not connect to server: Connection refused
	Is the server running on host "localhost" (fe80::1) and accepting
	TCP/IP connections on port 5432?
could not connect to server: Connection refused
	Is the server running on host "localhost" (127.0.0.1) and accepting
	TCP/IP connections on port 5432?

02-09-2021 22:14:18 - could not connect to server: Connection refused
	Is the server running on host "localhost" (::1) and accepting
	TCP/IP connections on port 5432?
could not connect to server: Connection refused
	Is the server running on host "localhost" (fe80::1) and accepting
	TCP/IP connections on port 5432?
could not connect to server: Connection refused
	Is the server running on host "localhost" (127.0.0.1) and accepting
	TCP/IP connections on port 5432?

02-09-2021 22:14:18 - could not connect to server: Connection refused
	Is the server running on host "localhost" (::1) and accepting
	TCP/IP connections on port 5432?
could not connect to server: Connection refused
	Is the server running on host "localhost" (fe80::1) and accepting
	TCP/IP connections on port 5432?
could not connect to server: Connection refused
	Is the server running on host "localhost" (127.0.0.1) and accepting
	TCP/IP connections on port 5432?

02-09-2021 22:14:18 - could not connect to server: Connection refused
	Is the server running on host "localhost" (::1) and accepting
	TCP/IP connections on port 5432?
could not connect to server: Connection refused
	Is the server running on host "localhost" (fe80::1) and accepting
	TCP/IP connections on port 5432?
could not connect to server: Connection refused
	Is the server running on host "localhost" (127.0.0.1) and accepting
	TCP/IP connections on port 5432?

02-09-2021 22:14:18 - could not connect to server: Connection refused
	Is the server running on host "localhost" (::1) and accepting
	TCP/IP connections on port 5432?
could not connect to server: Connection refused
	Is the server running on host "localhost" (fe80::1) and accepting
	TCP/IP connections on port 5432?
could not connect to server: Connection refused
	Is the server running on host "localhost" (127.0.0.1) and accepting
	TCP/IP connections on port 5432?

02-09-2021 22:14:18 - could not connect to server: Connection refused
	Is the server running on host "localhost" (::1) and accepting
	TCP/IP connections on port 5432?
could not connect to server: Connection refused
	Is the server running on host "localhost" (fe80::1) and accepting
	TCP/IP connections on port 5432?
could not connect to server: Connection refused
	Is the server running on host "localhost" (127.0.0.1) and accepting
	TCP/IP connections on port 5432?

02-09-2021 22:14:18 - could not connect to server: Connection refused
	Is the server running on host "localhost" (::1) and accepting
	TCP/IP connections on port 5432?
could not connect to server: Connection refused
	Is the server running on host "localhost" (fe80::1) and accepting
	TCP/IP connections on port 5432?
could not connect to server: Connection refused
	Is the server running on host "localhost" (127.0.0.1) and accepting
	TCP/IP connections on port 5432?

02-09-2021 22:14:18 - could not connect to server: Connection refused
	Is the server running on host "localhost" (::1) and accepting
	TCP/IP connections on port 5432?
could not connect to server: Connection refused
	Is the server running on host "localhost" (fe80::1) and accepting
	TCP/IP connections on port 5432?
could not connect to server: Connection refused
	Is the server running on host "localhost" (127.0.0.1) and accepting
	TCP/IP connections on port 5432?

02-09-2021 22:14:18 - could not connect to server: Connection refused
	Is the server running on host "localhost" (::1) and accepting
	TCP/IP connections on port 5432?
could not connect to server: Connection refused
	Is the server running on host "localhost" (fe80::1) and accepting
	TCP/IP connections on port 5432?
could not connect to server: Connection refused
	Is the server running on host "localhost" (127.0.0.1) and accepting
	TCP/IP connections on port 5432?

02-09-2021 22:14:18 - could not connect to server: Connection refused
	Is the server running on host "localhost" (::1) and accepting
	TCP/IP connections on port 5432?
could not connect to server: Connection refused
	Is the server running on host "localhost" (fe80::1) and accepting
	TCP/IP connections on port 5432?
could not connect to server: Connection refused
	Is the server running on host "localhost" (127.0.0.1) and accepting
	TCP/IP connections on port 5432?

02-09-2021 22:14:18 - could not connect to server: Connection refused
	Is the server running on host "localhost" (::1) and accepting
	TCP/IP connections on port 5432?
could not connect to server: Connection refused
	Is the server running on host "localhost" (fe80::1) and accepting
	TCP/IP connections on port 5432?
could not connect to server: Connection refused
	Is the server running on host "localhost" (127.0.0.1) and accepting
	TCP/IP connections on port 5432?

02-09-2021 22:14:25 - could not connect to server: Connection refused
	Is the server running on host "localhost" (::1) and accepting
	TCP/IP connections on port 5432?
could not connect to server: Connection refused
	Is the server running on host "localhost" (fe80::1) and accepting
	TCP/IP connections on port 5432?
could not connect to server: Connection refused
	Is the server running on host "localhost" (127.0.0.1) and accepting
	TCP/IP connections on port 5432?

02-09-2021 22:14:25 - could not connect to server: Connection refused
	Is the server running on host "localhost" (::1) and accepting
	TCP/IP connections on port 5432?
could not connect to server: Connection refused
	Is the server running on host "localhost" (fe80::1) and accepting
	TCP/IP connections on port 5432?
could not connect to server: Connection refused
	Is the server running on host "localhost" (127.0.0.1) and accepting
	TCP/IP connections on port 5432?

02-09-2021 22:14:25 - could not connect to server: Connection refused
	Is the server running on host "localhost" (::1) and accepting
	TCP/IP connections on port 5432?
could not connect to server: Connection refused
	Is the server running on host "localhost" (fe80::1) and accepting
	TCP/IP connections on port 5432?
could not connect to server: Connection refused
	Is the server running on host "localhost" (127.0.0.1) and accepting
	TCP/IP connections on port 5432?

02-09-2021 22:14:25 - could not connect to server: Connection refused
	Is the server running on host "localhost" (::1) and accepting
	TCP/IP connections on port 5432?
could not connect to server: Connection refused
	Is the server running on host "localhost" (fe80::1) and accepting
	TCP/IP connections on port 5432?
could not connect to server: Connection refused
	Is the server running on host "localhost" (127.0.0.1) and accepting
	TCP/IP connections on port 5432?

02-09-2021 22:14:25 - could not connect to server: Connection refused
	Is the server running on host "localhost" (::1) and accepting
	TCP/IP connections on port 5432?
could not connect to server: Connection refused
	Is the server running on host "localhost" (fe80::1) and accepting
	TCP/IP connections on port 5432?
could not connect to server: Connection refused
	Is the server running on host "localhost" (127.0.0.1) and accepting
	TCP/IP connections on port 5432?

02-09-2021 22:14:25 - could not connect to server: Connection refused
	Is the server running on host "localhost" (::1) and accepting
	TCP/IP connections on port 5432?
could not connect to server: Connection refused
	Is the server running on host "localhost" (fe80::1) and accepting
	TCP/IP connections on port 5432?
could not connect to server: Connection refused
	Is the server running on host "localhost" (127.0.0.1) and accepting
	TCP/IP connections on port 5432?

02-09-2021 22:14:25 - could not connect to server: Connection refused
	Is the server running on host "localhost" (::1) and accepting
	TCP/IP connections on port 5432?
could not connect to server: Connection refused
	Is the server running on host "localhost" (fe80::1) and accepting
	TCP/IP connections on port 5432?
could not connect to server: Connection refused
	Is the server running on host "localhost" (127.0.0.1) and accepting
	TCP/IP connections on port 5432?

02-09-2021 22:14:25 - could not connect to server: Connection refused
	Is the server running on host "localhost" (::1) and accepting
	TCP/IP connections on port 5432?
could not connect to server: Connection refused
	Is the server running on host "localhost" (fe80::1) and accepting
	TCP/IP connections on port 5432?
could not connect to server: Connection refused
	Is the server running on host "localhost" (127.0.0.1) and accepting
	TCP/IP connections on port 5432?

02-09-2021 22:14:25 - could not connect to server: Connection refused
	Is the server running on host "localhost" (::1) and accepting
	TCP/IP connections on port 5432?
could not connect to server: Connection refused
	Is the server running on host "localhost" (fe80::1) and accepting
	TCP/IP connections on port 5432?
could not connect to server: Connection refused
	Is the server running on host "localhost" (127.0.0.1) and accepting
	TCP/IP connections on port 5432?

02-09-2021 22:14:25 - could not connect to server: Connection refused
	Is the server running on host "localhost" (::1) and accepting
	TCP/IP connections on port 5432?
could not connect to server: Connection refused
	Is the server running on host "localhost" (fe80::1) and accepting
	TCP/IP connections on port 5432?
could not connect to server: Connection refused
	Is the server running on host "localhost" (127.0.0.1) and accepting
	TCP/IP connections on port 5432?

02-09-2021 22:14:37 - could not connect to server: Connection refused
	Is the server running on host "localhost" (::1) and accepting
	TCP/IP connections on port 5432?
could not connect to server: Connection refused
	Is the server running on host "localhost" (fe80::1) and accepting
	TCP/IP connections on port 5432?
could not connect to server: Connection refused
	Is the server running on host "localhost" (127.0.0.1) and accepting
	TCP/IP connections on port 5432?

02-09-2021 22:14:37 - could not connect to server: Connection refused
	Is the server running on host "localhost" (::1) and accepting
	TCP/IP connections on port 5432?
could not connect to server: Connection refused
	Is the server running on host "localhost" (fe80::1) and accepting
	TCP/IP connections on port 5432?
could not connect to server: Connection refused
	Is the server running on host "localhost" (127.0.0.1) and accepting
	TCP/IP connections on port 5432?

02-09-2021 22:14:37 - could not connect to server: Connection refused
	Is the server running on host "localhost" (::1) and accepting
	TCP/IP connections on port 5432?
could not connect to server: Connection refused
	Is the server running on host "localhost" (fe80::1) and accepting
	TCP/IP connections on port 5432?
could not connect to server: Connection refused
	Is the server running on host "localhost" (127.0.0.1) and accepting
	TCP/IP connections on port 5432?

02-09-2021 22:14:38 - could not connect to server: Connection refused
	Is the server running on host "localhost" (::1) and accepting
	TCP/IP connections on port 5432?
could not connect to server: Connection refused
	Is the server running on host "localhost" (fe80::1) and accepting
	TCP/IP connections on port 5432?
could not connect to server: Connection refused
	Is the server running on host "localhost" (127.0.0.1) and accepting
	TCP/IP connections on port 5432?

02-09-2021 22:14:38 - could not connect to server: Connection refused
	Is the server running on host "localhost" (::1) and accepting
	TCP/IP connections on port 5432?
could not connect to server: Connection refused
	Is the server running on host "localhost" (fe80::1) and accepting
	TCP/IP connections on port 5432?
could not connect to server: Connection refused
	Is the server running on host "localhost" (127.0.0.1) and accepting
	TCP/IP connections on port 5432?

02-09-2021 22:14:38 - could not connect to server: Connection refused
	Is the server running on host "localhost" (::1) and accepting
	TCP/IP connections on port 5432?
could not connect to server: Connection refused
	Is the server running on host "localhost" (fe80::1) and accepting
	TCP/IP connections on port 5432?
could not connect to server: Connection refused
	Is the server running on host "localhost" (127.0.0.1) and accepting
	TCP/IP connections on port 5432?

02-09-2021 22:14:38 - could not connect to server: Connection refused
	Is the server running on host "localhost" (::1) and accepting
	TCP/IP connections on port 5432?
could not connect to server: Connection refused
	Is the server running on host "localhost" (fe80::1) and accepting
	TCP/IP connections on port 5432?
could not connect to server: Connection refused
	Is the server running on host "localhost" (127.0.0.1) and accepting
	TCP/IP connections on port 5432?

02-09-2021 22:14:38 - could not connect to server: Connection refused
	Is the server running on host "localhost" (::1) and accepting
	TCP/IP connections on port 5432?
could not connect to server: Connection refused
	Is the server running on host "localhost" (fe80::1) and accepting
	TCP/IP connections on port 5432?
could not connect to server: Connection refused
	Is the server running on host "localhost" (127.0.0.1) and accepting
	TCP/IP connections on port 5432?

02-09-2021 22:14:38 - could not connect to server: Connection refused
	Is the server running on host "localhost" (::1) and accepting
	TCP/IP connections on port 5432?
could not connect to server: Connection refused
	Is the server running on host "localhost" (fe80::1) and accepting
	TCP/IP connections on port 5432?
could not connect to server: Connection refused
	Is the server running on host "localhost" (127.0.0.1) and accepting
	TCP/IP connections on port 5432?

02-09-2021 22:14:38 - could not connect to server: Connection refused
	Is the server running on host "localhost" (::1) and accepting
	TCP/IP connections on port 5432?
could not connect to server: Connection refused
	Is the server running on host "localhost" (fe80::1) and accepting
	TCP/IP connections on port 5432?
could not connect to server: Connection refused
	Is the server running on host "localhost" (127.0.0.1) and accepting
	TCP/IP connections on port 5432?

02-09-2021 22:16:45 - Starting 4 workers
02-09-2021 22:16:45 - Starting "actix-web-service-127.0.0.1:5000" service on 127.0.0.1:5000
02-09-2021 22:17:39 - Error in response: Unauthorized
02-09-2021 22:17:39 - 127.0.0.1:50491 "GET /api/auth HTTP/1.1" 401 14 "http://localhost:3000/" "Mozilla/5.0 (Macintosh; Intel Mac OS X 10_15_7) AppleWebKit/537.36 (KHTML, like Gecko) Chrome/88.0.4324.146 Safari/537.36" 0.009178
02-09-2021 22:18:01 - 127.0.0.1:50510 "POST /api/auth HTTP/1.1" 200 66 "http://localhost:3000/" "Mozilla/5.0 (Macintosh; Intel Mac OS X 10_15_7) AppleWebKit/537.36 (KHTML, like Gecko) Chrome/88.0.4324.146 Safari/537.36" 0.766804
02-09-2021 22:24:24 - 127.0.0.1:50613 "GET /api/auth HTTP/1.1" 200 66 "http://localhost:3000/" "Mozilla/5.0 (Macintosh; Intel Mac OS X 10_15_7) AppleWebKit/537.36 (KHTML, like Gecko) Chrome/88.0.4324.146 Safari/537.36" 0.001484
02-09-2021 22:27:22 - 127.0.0.1:50662 "GET /api/auth HTTP/1.1" 200 66 "http://localhost:3000/" "Mozilla/5.0 (Macintosh; Intel Mac OS X 10_15_7) AppleWebKit/537.36 (KHTML, like Gecko) Chrome/88.0.4324.146 Safari/537.36" 0.000672
02-09-2021 22:27:25 - 127.0.0.1:50662 "GET /api/auth HTTP/1.1" 200 66 "http://localhost:3000/" "Mozilla/5.0 (Macintosh; Intel Mac OS X 10_15_7) AppleWebKit/537.36 (KHTML, like Gecko) Chrome/88.0.4324.146 Safari/537.36" 0.000540
02-09-2021 22:28:00 - 127.0.0.1:50681 "GET /api/auth HTTP/1.1" 200 66 "http://localhost:3000/" "Mozilla/5.0 (Macintosh; Intel Mac OS X 10_15_7) AppleWebKit/537.36 (KHTML, like Gecko) Chrome/88.0.4324.146 Safari/537.36" 0.000916
02-09-2021 22:28:02 - 127.0.0.1:50681 "GET /api/auth HTTP/1.1" 200 66 "http://localhost:3000/" "Mozilla/5.0 (Macintosh; Intel Mac OS X 10_15_7) AppleWebKit/537.36 (KHTML, like Gecko) Chrome/88.0.4324.146 Safari/537.36" 0.000964
02-09-2021 22:35:04 - 127.0.0.1:50788 "GET /api/auth HTTP/1.1" 200 66 "http://localhost:3000/" "Mozilla/5.0 (Macintosh; Intel Mac OS X 10_15_7) AppleWebKit/537.36 (KHTML, like Gecko) Chrome/88.0.4324.146 Safari/537.36" 0.001524
02-09-2021 22:36:53 - 127.0.0.1:50813 "GET /api/auth HTTP/1.1" 200 66 "http://localhost:3000/" "Mozilla/5.0 (Macintosh; Intel Mac OS X 10_15_7) AppleWebKit/537.36 (KHTML, like Gecko) Chrome/88.0.4324.146 Safari/537.36" 0.000677
02-09-2021 22:37:28 - 127.0.0.1:50921 "DELETE /api/auth HTTP/1.1" 200 0 "http://localhost:3000/" "Mozilla/5.0 (Macintosh; Intel Mac OS X 10_15_7) AppleWebKit/537.36 (KHTML, like Gecko) Chrome/88.0.4324.146 Safari/537.36" 0.001447
02-09-2021 22:38:11 - 127.0.0.1:51109 "POST /api/auth HTTP/1.1" 200 66 "http://localhost:3000/" "Mozilla/5.0 (Macintosh; Intel Mac OS X 10_15_7) AppleWebKit/537.36 (KHTML, like Gecko) Chrome/88.0.4324.146 Safari/537.36" 0.879988
02-09-2021 22:38:43 - 127.0.0.1:51268 "GET /api/auth HTTP/1.1" 200 66 "http://localhost:3000/" "Mozilla/5.0 (Macintosh; Intel Mac OS X 10_15_7) AppleWebKit/537.36 (KHTML, like Gecko) Chrome/88.0.4324.146 Safari/537.36" 0.000646
02-09-2021 22:39:36 - 127.0.0.1:51487 "GET /api/auth HTTP/1.1" 200 66 "http://localhost:3000/" "Mozilla/5.0 (Macintosh; Intel Mac OS X 10_15_7) AppleWebKit/537.36 (KHTML, like Gecko) Chrome/88.0.4324.146 Safari/537.36" 0.000510
02-09-2021 22:39:41 - 127.0.0.1:51511 "DELETE /api/auth HTTP/1.1" 200 0 "http://localhost:3000/" "Mozilla/5.0 (Macintosh; Intel Mac OS X 10_15_7) AppleWebKit/537.36 (KHTML, like Gecko) Chrome/88.0.4324.146 Safari/537.36" 0.000521
02-09-2021 22:40:23 - Error in response: Unauthorized
02-09-2021 22:40:23 - 127.0.0.1:51702 "GET /api/auth HTTP/1.1" 401 14 "http://localhost:3000/" "Mozilla/5.0 (Macintosh; Intel Mac OS X 10_15_7) AppleWebKit/537.36 (KHTML, like Gecko) Chrome/88.0.4324.146 Safari/537.36" 0.001423
02-09-2021 22:40:39 - 127.0.0.1:51767 "POST /api/auth HTTP/1.1" 200 66 "http://localhost:3000/" "Mozilla/5.0 (Macintosh; Intel Mac OS X 10_15_7) AppleWebKit/537.36 (KHTML, like Gecko) Chrome/88.0.4324.146 Safari/537.36" 0.879635
02-09-2021 22:42:10 - 127.0.0.1:52155 "GET /api/auth HTTP/1.1" 200 66 "http://localhost:3000/" "Mozilla/5.0 (Macintosh; Intel Mac OS X 10_15_7) AppleWebKit/537.36 (KHTML, like Gecko) Chrome/88.0.4324.146 Safari/537.36" 0.000812
02-09-2021 22:42:43 - 127.0.0.1:52296 "GET /api/auth HTTP/1.1" 200 66 "http://localhost:3000/" "Mozilla/5.0 (Macintosh; Intel Mac OS X 10_15_7) AppleWebKit/537.36 (KHTML, like Gecko) Chrome/88.0.4324.146 Safari/537.36" 0.000634
02-09-2021 22:42:53 - 127.0.0.1:52363 "GET /api/auth HTTP/1.1" 200 66 "http://localhost:3000/" "Mozilla/5.0 (Macintosh; Intel Mac OS X 10_15_7) AppleWebKit/537.36 (KHTML, like Gecko) Chrome/88.0.4324.146 Safari/537.36" 0.000720
02-09-2021 22:44:26 - 127.0.0.1:52755 "GET /api/auth HTTP/1.1" 200 66 "http://localhost:3000/" "Mozilla/5.0 (Macintosh; Intel Mac OS X 10_15_7) AppleWebKit/537.36 (KHTML, like Gecko) Chrome/88.0.4324.146 Safari/537.36" 0.000608
02-09-2021 22:45:45 - 127.0.0.1:53091 "GET /api/auth HTTP/1.1" 200 66 "http://localhost:3000/" "Mozilla/5.0 (Macintosh; Intel Mac OS X 10_15_7) AppleWebKit/537.36 (KHTML, like Gecko) Chrome/88.0.4324.146 Safari/537.36" 0.000924
02-09-2021 22:46:26 - 127.0.0.1:53256 "GET /api/auth HTTP/1.1" 200 66 "http://localhost:3000/" "Mozilla/5.0 (Macintosh; Intel Mac OS X 10_15_7) AppleWebKit/537.36 (KHTML, like Gecko) Chrome/88.0.4324.146 Safari/537.36" 0.000421
02-09-2021 22:50:02 - 127.0.0.1:54178 "GET /api/auth HTTP/1.1" 200 66 "http://localhost:3000/" "Mozilla/5.0 (Macintosh; Intel Mac OS X 10_15_7) AppleWebKit/537.36 (KHTML, like Gecko) Chrome/88.0.4324.146 Safari/537.36" 0.000579
02-09-2021 22:51:14 - 127.0.0.1:54482 "GET /api/auth HTTP/1.1" 200 66 "http://localhost:3000/" "Mozilla/5.0 (Macintosh; Intel Mac OS X 10_15_7) AppleWebKit/537.36 (KHTML, like Gecko) Chrome/88.0.4324.146 Safari/537.36" 0.000453
02-09-2021 22:52:18 - 127.0.0.1:54747 "GET /api/auth HTTP/1.1" 200 66 "http://localhost:3000/" "Mozilla/5.0 (Macintosh; Intel Mac OS X 10_15_7) AppleWebKit/537.36 (KHTML, like Gecko) Chrome/88.0.4324.146 Safari/537.36" 0.000657
02-09-2021 22:52:39 - 127.0.0.1:54835 "GET /api/auth HTTP/1.1" 200 66 "http://localhost:3000/" "Mozilla/5.0 (Macintosh; Intel Mac OS X 10_15_7) AppleWebKit/537.36 (KHTML, like Gecko) Chrome/88.0.4324.146 Safari/537.36" 0.000577
02-09-2021 22:52:46 - 127.0.0.1:54872 "GET /api/auth HTTP/1.1" 200 66 "http://localhost:3000/" "Mozilla/5.0 (Macintosh; Intel Mac OS X 10_15_7) AppleWebKit/537.36 (KHTML, like Gecko) Chrome/88.0.4324.146 Safari/537.36" 0.000541
02-09-2021 22:53:33 - 127.0.0.1:55075 "GET /api/auth HTTP/1.1" 200 66 "http://localhost:3000/" "Mozilla/5.0 (Macintosh; Intel Mac OS X 10_15_7) AppleWebKit/537.36 (KHTML, like Gecko) Chrome/88.0.4324.146 Safari/537.36" 0.001313
02-09-2021 22:55:54 - 127.0.0.1:55655 "GET /api/auth HTTP/1.1" 200 66 "http://localhost:3000/" "Mozilla/5.0 (Macintosh; Intel Mac OS X 10_15_7) AppleWebKit/537.36 (KHTML, like Gecko) Chrome/88.0.4324.146 Safari/537.36" 0.000618
02-09-2021 23:00:16 - 127.0.0.1:56794 "GET /api/auth HTTP/1.1" 200 66 "http://localhost:3000/" "Mozilla/5.0 (Macintosh; Intel Mac OS X 10_15_7) AppleWebKit/537.36 (KHTML, like Gecko) Chrome/88.0.4324.146 Safari/537.36" 0.000707
02-09-2021 23:00:50 - 127.0.0.1:56939 "GET /api/auth HTTP/1.1" 200 66 "http://localhost:3000/" "Mozilla/5.0 (Macintosh; Intel Mac OS X 10_15_7) AppleWebKit/537.36 (KHTML, like Gecko) Chrome/88.0.4324.146 Safari/537.36" 0.000441
02-09-2021 23:00:54 - 127.0.0.1:56939 "GET /api/auth HTTP/1.1" 200 66 "http://localhost:3000/" "Mozilla/5.0 (Macintosh; Intel Mac OS X 10_15_7) AppleWebKit/537.36 (KHTML, like Gecko) Chrome/88.0.4324.146 Safari/537.36" 0.000850
02-09-2021 23:10:38 - 127.0.0.1:59458 "GET /api/auth HTTP/1.1" 200 66 "http://localhost:3000/" "Mozilla/5.0 (Macintosh; Intel Mac OS X 10_15_7) AppleWebKit/537.36 (KHTML, like Gecko) Chrome/88.0.4324.146 Safari/537.36" 0.000775
02-09-2021 23:10:40 - 127.0.0.1:59458 "DELETE /api/auth HTTP/1.1" 200 0 "http://localhost:3000/" "Mozilla/5.0 (Macintosh; Intel Mac OS X 10_15_7) AppleWebKit/537.36 (KHTML, like Gecko) Chrome/88.0.4324.146 Safari/537.36" 0.000891
02-09-2021 23:10:54 - 127.0.0.1:59524 "POST /api/auth HTTP/1.1" 200 66 "http://localhost:3000/" "Mozilla/5.0 (Macintosh; Intel Mac OS X 10_15_7) AppleWebKit/537.36 (KHTML, like Gecko) Chrome/88.0.4324.146 Safari/537.36" 0.931183
02-09-2021 23:11:30 - 127.0.0.1:59684 "DELETE /api/auth HTTP/1.1" 200 0 "http://localhost:3000/" "Mozilla/5.0 (Macintosh; Intel Mac OS X 10_15_7) AppleWebKit/537.36 (KHTML, like Gecko) Chrome/88.0.4324.146 Safari/537.36" 0.000516
02-09-2021 23:11:41 - 127.0.0.1:59727 "POST /api/auth HTTP/1.1" 200 66 "http://localhost:3000/" "Mozilla/5.0 (Macintosh; Intel Mac OS X 10_15_7) AppleWebKit/537.36 (KHTML, like Gecko) Chrome/88.0.4324.146 Safari/537.36" 0.845227
02-09-2021 23:11:54 - 127.0.0.1:59786 "DELETE /api/auth HTTP/1.1" 200 0 "http://localhost:3000/" "Mozilla/5.0 (Macintosh; Intel Mac OS X 10_15_7) AppleWebKit/537.36 (KHTML, like Gecko) Chrome/88.0.4324.146 Safari/537.36" 0.000534
02-09-2021 23:11:59 - Error in response: Unauthorized
02-09-2021 23:11:59 - 127.0.0.1:59786 "GET /api/auth HTTP/1.1" 401 14 "http://localhost:3000/" "Mozilla/5.0 (Macintosh; Intel Mac OS X 10_15_7) AppleWebKit/537.36 (KHTML, like Gecko) Chrome/88.0.4324.146 Safari/537.36" 0.001542
02-09-2021 23:12:00 - 127.0.0.1:59786 "POST /api/auth HTTP/1.1" 200 66 "http://localhost:3000/" "Mozilla/5.0 (Macintosh; Intel Mac OS X 10_15_7) AppleWebKit/537.36 (KHTML, like Gecko) Chrome/88.0.4324.146 Safari/537.36" 0.996940
02-09-2021 23:14:42 - 127.0.0.1:60495 "DELETE /api/auth HTTP/1.1" 200 0 "http://localhost:3000/" "Mozilla/5.0 (Macintosh; Intel Mac OS X 10_15_7) AppleWebKit/537.36 (KHTML, like Gecko) Chrome/88.0.4324.146 Safari/537.36" 0.000725
02-09-2021 23:14:52 - 127.0.0.1:60534 "POST /api/auth HTTP/1.1" 200 66 "http://localhost:3000/" "Mozilla/5.0 (Macintosh; Intel Mac OS X 10_15_7) AppleWebKit/537.36 (KHTML, like Gecko) Chrome/88.0.4324.146 Safari/537.36" 0.778819
02-09-2021 23:15:55 - 127.0.0.1:60791 "DELETE /api/auth HTTP/1.1" 200 0 "http://localhost:3000/" "Mozilla/5.0 (Macintosh; Intel Mac OS X 10_15_7) AppleWebKit/537.36 (KHTML, like Gecko) Chrome/88.0.4324.146 Safari/537.36" 0.000701
02-09-2021 23:16:01 - 127.0.0.1:60817 "POST /api/auth HTTP/1.1" 200 66 "http://localhost:3000/" "Mozilla/5.0 (Macintosh; Intel Mac OS X 10_15_7) AppleWebKit/537.36 (KHTML, like Gecko) Chrome/88.0.4324.146 Safari/537.36" 0.800784
02-09-2021 23:16:40 - 127.0.0.1:60982 "GET /api/auth HTTP/1.1" 200 66 "http://localhost:3000/" "Mozilla/5.0 (Macintosh; Intel Mac OS X 10_15_7) AppleWebKit/537.36 (KHTML, like Gecko) Chrome/88.0.4324.146 Safari/537.36" 0.000447
02-09-2021 23:17:44 - 127.0.0.1:61253 "GET /api/auth HTTP/1.1" 200 66 "http://localhost:3000/" "Mozilla/5.0 (Macintosh; Intel Mac OS X 10_15_7) AppleWebKit/537.36 (KHTML, like Gecko) Chrome/88.0.4324.146 Safari/537.36" 0.000487
02-09-2021 23:18:43 - 127.0.0.1:61498 "GET /api/auth HTTP/1.1" 200 66 "http://localhost:3000/" "Mozilla/5.0 (Macintosh; Intel Mac OS X 10_15_7) AppleWebKit/537.36 (KHTML, like Gecko) Chrome/88.0.4324.146 Safari/537.36" 0.000626
02-09-2021 23:18:52 - 127.0.0.1:61539 "GET /api/auth HTTP/1.1" 200 66 "http://localhost:3000/" "Mozilla/5.0 (Macintosh; Intel Mac OS X 10_15_7) AppleWebKit/537.36 (KHTML, like Gecko) Chrome/88.0.4324.146 Safari/537.36" 0.000477
02-09-2021 23:19:49 - 127.0.0.1:61786 "DELETE /api/auth HTTP/1.1" 200 0 "http://localhost:3000/" "Mozilla/5.0 (Macintosh; Intel Mac OS X 10_15_7) AppleWebKit/537.36 (KHTML, like Gecko) Chrome/88.0.4324.146 Safari/537.36" 0.000684
02-09-2021 23:20:39 - Error in response: Unauthorized
02-09-2021 23:20:39 - 127.0.0.1:61997 "GET /api/auth HTTP/1.1" 401 14 "http://localhost:3000/" "Mozilla/5.0 (Macintosh; Intel Mac OS X 10_15_7) AppleWebKit/537.36 (KHTML, like Gecko) Chrome/88.0.4324.146 Safari/537.36" 0.002647
02-09-2021 23:20:40 - Error in response: Unauthorized
02-09-2021 23:20:40 - 127.0.0.1:61997 "GET /api/auth HTTP/1.1" 401 14 "http://localhost:3000/" "Mozilla/5.0 (Macintosh; Intel Mac OS X 10_15_7) AppleWebKit/537.36 (KHTML, like Gecko) Chrome/88.0.4324.146 Safari/537.36" 0.000817
02-09-2021 23:21:02 - 127.0.0.1:62093 "POST /api/auth HTTP/1.1" 200 66 "http://localhost:3000/" "Mozilla/5.0 (Macintosh; Intel Mac OS X 10_15_7) AppleWebKit/537.36 (KHTML, like Gecko) Chrome/88.0.4324.146 Safari/537.36" 1.135623
02-09-2021 23:21:15 - 127.0.0.1:62156 "DELETE /api/auth HTTP/1.1" 200 0 "http://localhost:3000/" "Mozilla/5.0 (Macintosh; Intel Mac OS X 10_15_7) AppleWebKit/537.36 (KHTML, like Gecko) Chrome/88.0.4324.146 Safari/537.36" 0.000835
02-09-2021 23:21:22 - 127.0.0.1:62178 "POST /api/auth HTTP/1.1" 200 66 "http://localhost:3000/" "Mozilla/5.0 (Macintosh; Intel Mac OS X 10_15_7) AppleWebKit/537.36 (KHTML, like Gecko) Chrome/88.0.4324.146 Safari/537.36" 0.759701
02-09-2021 23:21:37 - 127.0.0.1:62254 "GET /api/auth HTTP/1.1" 200 66 "http://localhost:3000/" "Mozilla/5.0 (Macintosh; Intel Mac OS X 10_15_7) AppleWebKit/537.36 (KHTML, like Gecko) Chrome/88.0.4324.146 Safari/537.36" 0.000560
02-09-2021 23:23:08 - 127.0.0.1:62630 "GET /api/auth HTTP/1.1" 200 66 "http://localhost:3000/" "Mozilla/5.0 (Macintosh; Intel Mac OS X 10_15_7) AppleWebKit/537.36 (KHTML, like Gecko) Chrome/88.0.4324.146 Safari/537.36" 0.000602
02-09-2021 23:24:55 - 127.0.0.1:63084 "GET /api/auth HTTP/1.1" 200 66 "http://localhost:3000/" "Mozilla/5.0 (Macintosh; Intel Mac OS X 10_15_7) AppleWebKit/537.36 (KHTML, like Gecko) Chrome/88.0.4324.146 Safari/537.36" 0.000521
02-09-2021 23:26:19 - 127.0.0.1:63444 "GET /api/auth HTTP/1.1" 200 66 "http://localhost:3000/" "Mozilla/5.0 (Macintosh; Intel Mac OS X 10_15_7) AppleWebKit/537.36 (KHTML, like Gecko) Chrome/88.0.4324.146 Safari/537.36" 0.000487
02-09-2021 23:27:12 - 127.0.0.1:63666 "GET /api/auth HTTP/1.1" 200 66 "http://localhost:3000/" "Mozilla/5.0 (Macintosh; Intel Mac OS X 10_15_7) AppleWebKit/537.36 (KHTML, like Gecko) Chrome/88.0.4324.146 Safari/537.36" 0.000556
02-09-2021 23:27:13 - 127.0.0.1:63666 "GET /api/auth HTTP/1.1" 200 66 "http://localhost:3000/" "Mozilla/5.0 (Macintosh; Intel Mac OS X 10_15_7) AppleWebKit/537.36 (KHTML, like Gecko) Chrome/88.0.4324.146 Safari/537.36" 0.001013
02-09-2021 23:27:56 - 127.0.0.1:63851 "GET /api/auth HTTP/1.1" 200 66 "http://localhost:3000/" "Mozilla/5.0 (Macintosh; Intel Mac OS X 10_15_7) AppleWebKit/537.36 (KHTML, like Gecko) Chrome/88.0.4324.146 Safari/537.36" 0.000498
02-09-2021 23:28:02 - 127.0.0.1:63898 "GET /api/auth HTTP/1.1" 200 66 "http://localhost:3000/" "Mozilla/5.0 (Macintosh; Intel Mac OS X 10_15_7) AppleWebKit/537.36 (KHTML, like Gecko) Chrome/88.0.4324.146 Safari/537.36" 0.000456
02-09-2021 23:31:00 - 127.0.0.1:64648 "GET /api/auth HTTP/1.1" 200 66 "http://localhost:3000/" "Mozilla/5.0 (Macintosh; Intel Mac OS X 10_15_7) AppleWebKit/537.36 (KHTML, like Gecko) Chrome/88.0.4324.146 Safari/537.36" 0.000558
02-09-2021 23:31:11 - 127.0.0.1:64703 "GET /api/auth HTTP/1.1" 200 66 "http://localhost:3000/" "Mozilla/5.0 (Macintosh; Intel Mac OS X 10_15_7) AppleWebKit/537.36 (KHTML, like Gecko) Chrome/88.0.4324.146 Safari/537.36" 0.000638
02-09-2021 23:31:55 - 127.0.0.1:64892 "GET /api/auth HTTP/1.1" 200 66 "http://localhost:3000/" "Mozilla/5.0 (Macintosh; Intel Mac OS X 10_15_7) AppleWebKit/537.36 (KHTML, like Gecko) Chrome/88.0.4324.146 Safari/537.36" 0.000689
02-09-2021 23:34:13 - 127.0.0.1:65474 "GET /api/auth HTTP/1.1" 200 66 "http://localhost:3000/" "Mozilla/5.0 (Macintosh; Intel Mac OS X 10_15_7) AppleWebKit/537.36 (KHTML, like Gecko) Chrome/88.0.4324.146 Safari/537.36" 0.000513
02-09-2021 23:37:04 - 127.0.0.1:49817 "GET /api/auth HTTP/1.1" 200 66 "http://localhost:3000/" "Mozilla/5.0 (Macintosh; Intel Mac OS X 10_15_7) AppleWebKit/537.36 (KHTML, like Gecko) Chrome/88.0.4324.146 Safari/537.36" 0.000605
02-09-2021 23:37:08 - 127.0.0.1:49817 "DELETE /api/auth HTTP/1.1" 200 0 "http://localhost:3000/" "Mozilla/5.0 (Macintosh; Intel Mac OS X 10_15_7) AppleWebKit/537.36 (KHTML, like Gecko) Chrome/88.0.4324.146 Safari/537.36" 0.000886
02-09-2021 23:37:16 - 127.0.0.1:49869 "POST /api/auth HTTP/1.1" 200 66 "http://localhost:3000/" "Mozilla/5.0 (Macintosh; Intel Mac OS X 10_15_7) AppleWebKit/537.36 (KHTML, like Gecko) Chrome/88.0.4324.146 Safari/537.36" 1.023971
02-09-2021 23:37:21 - 127.0.0.1:49904 "GET /api/auth HTTP/1.1" 200 66 "http://localhost:3000/" "Mozilla/5.0 (Macintosh; Intel Mac OS X 10_15_7) AppleWebKit/537.36 (KHTML, like Gecko) Chrome/88.0.4324.146 Safari/537.36" 0.000567
02-09-2021 23:38:32 - 127.0.0.1:50198 "GET /api/auth HTTP/1.1" 200 66 "http://localhost:3000/" "Mozilla/5.0 (Macintosh; Intel Mac OS X 10_15_7) AppleWebKit/537.36 (KHTML, like Gecko) Chrome/88.0.4324.146 Safari/537.36" 0.000920
02-09-2021 23:39:06 - 127.0.0.1:50338 "GET /api/auth HTTP/1.1" 200 66 "http://localhost:3000/" "Mozilla/5.0 (Macintosh; Intel Mac OS X 10_15_7) AppleWebKit/537.36 (KHTML, like Gecko) Chrome/88.0.4324.146 Safari/537.36" 0.000511
02-09-2021 23:40:23 - 127.0.0.1:50669 "GET /api/auth HTTP/1.1" 200 66 "http://localhost:3000/" "Mozilla/5.0 (Macintosh; Intel Mac OS X 10_15_7) AppleWebKit/537.36 (KHTML, like Gecko) Chrome/88.0.4324.146 Safari/537.36" 0.000630
02-09-2021 23:41:02 - 127.0.0.1:50837 "GET /api/auth HTTP/1.1" 200 66 "http://localhost:3000/" "Mozilla/5.0 (Macintosh; Intel Mac OS X 10_15_7) AppleWebKit/537.36 (KHTML, like Gecko) Chrome/88.0.4324.146 Safari/537.36" 0.000461
02-09-2021 23:42:16 - 127.0.0.1:51151 "GET /api/auth HTTP/1.1" 200 66 "http://localhost:3000/" "Mozilla/5.0 (Macintosh; Intel Mac OS X 10_15_7) AppleWebKit/537.36 (KHTML, like Gecko) Chrome/88.0.4324.146 Safari/537.36" 0.000462
02-09-2021 23:42:46 - 127.0.0.1:51292 "GET /api/auth HTTP/1.1" 200 66 "http://localhost:3000/" "Mozilla/5.0 (Macintosh; Intel Mac OS X 10_15_7) AppleWebKit/537.36 (KHTML, like Gecko) Chrome/88.0.4324.146 Safari/537.36" 0.000503
02-09-2021 23:42:49 - 127.0.0.1:51292 "GET /api/auth HTTP/1.1" 200 66 "http://localhost:3000/" "Mozilla/5.0 (Macintosh; Intel Mac OS X 10_15_7) AppleWebKit/537.36 (KHTML, like Gecko) Chrome/88.0.4324.146 Safari/537.36" 0.000808
02-09-2021 23:42:52 - 127.0.0.1:51292 "GET /api/auth HTTP/1.1" 200 66 "http://localhost:3000/" "Mozilla/5.0 (Macintosh; Intel Mac OS X 10_15_7) AppleWebKit/537.36 (KHTML, like Gecko) Chrome/88.0.4324.146 Safari/537.36" 0.000993
02-09-2021 23:43:34 - 127.0.0.1:51512 "GET /api/auth HTTP/1.1" 200 66 "http://localhost:3000/" "Mozilla/5.0 (Macintosh; Intel Mac OS X 10_15_7) AppleWebKit/537.36 (KHTML, like Gecko) Chrome/88.0.4324.146 Safari/537.36" 0.000446
02-09-2021 23:43:44 - 127.0.0.1:51562 "GET /api/auth HTTP/1.1" 200 66 "http://localhost:3000/" "Mozilla/5.0 (Macintosh; Intel Mac OS X 10_15_7) AppleWebKit/537.36 (KHTML, like Gecko) Chrome/88.0.4324.146 Safari/537.36" 0.000713
02-09-2021 23:43:51 - 127.0.0.1:51594 "DELETE /api/auth HTTP/1.1" 200 0 "http://localhost:3000/" "Mozilla/5.0 (Macintosh; Intel Mac OS X 10_15_7) AppleWebKit/537.36 (KHTML, like Gecko) Chrome/88.0.4324.146 Safari/537.36" 0.000674
02-09-2021 23:44:02 - 127.0.0.1:51632 "POST /api/auth HTTP/1.1" 200 66 "http://localhost:3000/" "Mozilla/5.0 (Macintosh; Intel Mac OS X 10_15_7) AppleWebKit/537.36 (KHTML, like Gecko) Chrome/88.0.4324.146 Safari/537.36" 0.983153
02-09-2021 23:44:36 - 127.0.0.1:51779 "GET /api/auth HTTP/1.1" 200 66 "http://localhost:3000/" "Mozilla/5.0 (Macintosh; Intel Mac OS X 10_15_7) AppleWebKit/537.36 (KHTML, like Gecko) Chrome/88.0.4324.146 Safari/537.36" 0.000448
02-09-2021 23:45:07 - 127.0.0.1:51908 "GET /api/auth HTTP/1.1" 200 66 "http://localhost:3000/" "Mozilla/5.0 (Macintosh; Intel Mac OS X 10_15_7) AppleWebKit/537.36 (KHTML, like Gecko) Chrome/88.0.4324.146 Safari/537.36" 0.000625
02-09-2021 23:45:11 - 127.0.0.1:51908 "GET /api/auth HTTP/1.1" 200 66 "http://localhost:3000/" "Mozilla/5.0 (Macintosh; Intel Mac OS X 10_15_7) AppleWebKit/537.36 (KHTML, like Gecko) Chrome/88.0.4324.146 Safari/537.36" 0.001130
02-09-2021 23:45:24 - 127.0.0.1:51989 "DELETE /api/auth HTTP/1.1" 200 0 "http://localhost:3000/" "Mozilla/5.0 (Macintosh; Intel Mac OS X 10_15_7) AppleWebKit/537.36 (KHTML, like Gecko) Chrome/88.0.4324.146 Safari/537.36" 0.000497
02-09-2021 23:46:13 - Error in response: Unauthorized
02-09-2021 23:46:13 - 127.0.0.1:52191 "GET /api/auth HTTP/1.1" 401 14 "http://localhost:3000/" "Mozilla/5.0 (Macintosh; Intel Mac OS X 10_15_7) AppleWebKit/537.36 (KHTML, like Gecko) Chrome/88.0.4324.146 Safari/537.36" 0.001299
02-09-2021 23:46:21 - 127.0.0.1:52227 "POST /api/auth HTTP/1.1" 200 66 "http://localhost:3000/" "Mozilla/5.0 (Macintosh; Intel Mac OS X 10_15_7) AppleWebKit/537.36 (KHTML, like Gecko) Chrome/88.0.4324.146 Safari/537.36" 1.057295
02-09-2021 23:46:50 - 127.0.0.1:52347 "DELETE /api/auth HTTP/1.1" 200 0 "http://localhost:3000/" "Mozilla/5.0 (Macintosh; Intel Mac OS X 10_15_7) AppleWebKit/537.36 (KHTML, like Gecko) Chrome/88.0.4324.146 Safari/537.36" 0.000747
02-09-2021 23:46:58 - 127.0.0.1:52380 "POST /api/auth HTTP/1.1" 200 66 "http://localhost:3000/" "Mozilla/5.0 (Macintosh; Intel Mac OS X 10_15_7) AppleWebKit/537.36 (KHTML, like Gecko) Chrome/88.0.4324.146 Safari/537.36" 1.076779
02-09-2021 23:47:03 - 127.0.0.1:52398 "DELETE /api/auth HTTP/1.1" 200 0 "http://localhost:3000/" "Mozilla/5.0 (Macintosh; Intel Mac OS X 10_15_7) AppleWebKit/537.36 (KHTML, like Gecko) Chrome/88.0.4324.146 Safari/537.36" 0.000533
02-09-2021 23:47:06 - Error in response: Unauthorized
02-09-2021 23:47:06 - 127.0.0.1:52398 "POST /api/auth HTTP/1.1" 401 14 "http://localhost:3000/" "Mozilla/5.0 (Macintosh; Intel Mac OS X 10_15_7) AppleWebKit/537.36 (KHTML, like Gecko) Chrome/88.0.4324.146 Safari/537.36" 0.001969
02-09-2021 23:47:09 - Error in response: Unauthorized
02-09-2021 23:47:09 - 127.0.0.1:52398 "POST /api/auth HTTP/1.1" 401 14 "http://localhost:3000/" "Mozilla/5.0 (Macintosh; Intel Mac OS X 10_15_7) AppleWebKit/537.36 (KHTML, like Gecko) Chrome/88.0.4324.146 Safari/537.36" 0.002059
02-09-2021 23:47:13 - Error in response: Unauthorized
02-09-2021 23:47:13 - 127.0.0.1:52398 "POST /api/auth HTTP/1.1" 401 14 "http://localhost:3000/" "Mozilla/5.0 (Macintosh; Intel Mac OS X 10_15_7) AppleWebKit/537.36 (KHTML, like Gecko) Chrome/88.0.4324.146 Safari/537.36" 0.005158
02-09-2021 23:51:28 - Error in response: Unauthorized
02-09-2021 23:51:28 - 127.0.0.1:52454 "GET /api/auth HTTP/1.1" 401 14 "http://localhost:3000/" "Mozilla/5.0 (Macintosh; Intel Mac OS X 10_15_7) AppleWebKit/537.36 (KHTML, like Gecko) Chrome/88.0.4324.146 Safari/537.36" 0.001009
02-09-2021 23:52:22 - Error in response: Unauthorized
02-09-2021 23:52:22 - 127.0.0.1:52468 "GET /api/auth HTTP/1.1" 401 14 "http://localhost:3000/" "Mozilla/5.0 (Macintosh; Intel Mac OS X 10_15_7) AppleWebKit/537.36 (KHTML, like Gecko) Chrome/88.0.4324.146 Safari/537.36" 0.001062
02-09-2021 23:52:39 - Error in response: Unauthorized
02-09-2021 23:52:39 - 127.0.0.1:52479 "GET /api/auth HTTP/1.1" 401 14 "http://localhost:3000/" "Mozilla/5.0 (Macintosh; Intel Mac OS X 10_15_7) AppleWebKit/537.36 (KHTML, like Gecko) Chrome/88.0.4324.146 Safari/537.36" 0.000846
02-09-2021 23:53:04 - Error in response: Unauthorized
02-09-2021 23:53:04 - 127.0.0.1:52496 "GET /api/auth HTTP/1.1" 401 14 "http://localhost:3000/" "Mozilla/5.0 (Macintosh; Intel Mac OS X 10_15_7) AppleWebKit/537.36 (KHTML, like Gecko) Chrome/88.0.4324.146 Safari/537.36" 0.001093
02-09-2021 23:55:22 - Error in response: Unauthorized
02-09-2021 23:55:22 - 127.0.0.1:52523 "GET /api/auth HTTP/1.1" 401 14 "http://localhost:3000/" "Mozilla/5.0 (Macintosh; Intel Mac OS X 10_15_7) AppleWebKit/537.36 (KHTML, like Gecko) Chrome/88.0.4324.146 Safari/537.36" 0.000959
02-09-2021 23:55:31 - 127.0.0.1:52529 "POST /api/auth HTTP/1.1" 200 66 "http://localhost:3000/" "Mozilla/5.0 (Macintosh; Intel Mac OS X 10_15_7) AppleWebKit/537.36 (KHTML, like Gecko) Chrome/88.0.4324.146 Safari/537.36" 0.735153
02-09-2021 23:55:34 - 127.0.0.1:52529 "DELETE /api/auth HTTP/1.1" 200 0 "http://localhost:3000/" "Mozilla/5.0 (Macintosh; Intel Mac OS X 10_15_7) AppleWebKit/537.36 (KHTML, like Gecko) Chrome/88.0.4324.146 Safari/537.36" 0.000774
02-09-2021 23:55:35 - Error in response: Unauthorized
02-09-2021 23:55:35 - 127.0.0.1:52529 "POST /api/auth HTTP/1.1" 401 14 "http://localhost:3000/" "Mozilla/5.0 (Macintosh; Intel Mac OS X 10_15_7) AppleWebKit/537.36 (KHTML, like Gecko) Chrome/88.0.4324.146 Safari/537.36" 0.006818
02-09-2021 23:55:38 - Error in response: Unauthorized
02-09-2021 23:55:38 - 127.0.0.1:52529 "POST /api/auth HTTP/1.1" 401 14 "http://localhost:3000/" "Mozilla/5.0 (Macintosh; Intel Mac OS X 10_15_7) AppleWebKit/537.36 (KHTML, like Gecko) Chrome/88.0.4324.146 Safari/537.36" 0.002609
02-09-2021 23:55:39 - Error in response: Unauthorized
02-09-2021 23:55:39 - 127.0.0.1:52529 "POST /api/auth HTTP/1.1" 401 14 "http://localhost:3000/" "Mozilla/5.0 (Macintosh; Intel Mac OS X 10_15_7) AppleWebKit/537.36 (KHTML, like Gecko) Chrome/88.0.4324.146 Safari/537.36" 0.005017
02-09-2021 23:55:39 - Error in response: Unauthorized
02-09-2021 23:55:39 - 127.0.0.1:52529 "POST /api/auth HTTP/1.1" 401 14 "http://localhost:3000/" "Mozilla/5.0 (Macintosh; Intel Mac OS X 10_15_7) AppleWebKit/537.36 (KHTML, like Gecko) Chrome/88.0.4324.146 Safari/537.36" 0.003424
02-09-2021 23:55:39 - Error in response: Unauthorized
02-09-2021 23:55:39 - 127.0.0.1:52529 "POST /api/auth HTTP/1.1" 401 14 "http://localhost:3000/" "Mozilla/5.0 (Macintosh; Intel Mac OS X 10_15_7) AppleWebKit/537.36 (KHTML, like Gecko) Chrome/88.0.4324.146 Safari/537.36" 0.002198
02-09-2021 23:55:40 - Error in response: Unauthorized
02-09-2021 23:55:40 - 127.0.0.1:52529 "POST /api/auth HTTP/1.1" 401 14 "http://localhost:3000/" "Mozilla/5.0 (Macintosh; Intel Mac OS X 10_15_7) AppleWebKit/537.36 (KHTML, like Gecko) Chrome/88.0.4324.146 Safari/537.36" 0.001973
02-09-2021 23:55:40 - Error in response: Unauthorized
02-09-2021 23:55:40 - 127.0.0.1:52529 "POST /api/auth HTTP/1.1" 401 14 "http://localhost:3000/" "Mozilla/5.0 (Macintosh; Intel Mac OS X 10_15_7) AppleWebKit/537.36 (KHTML, like Gecko) Chrome/88.0.4324.146 Safari/537.36" 0.007539
02-09-2021 23:55:51 - 127.0.0.1:52532 "POST /api/auth HTTP/1.1" 200 66 "http://localhost:3000/" "Mozilla/5.0 (Macintosh; Intel Mac OS X 10_15_7) AppleWebKit/537.36 (KHTML, like Gecko) Chrome/88.0.4324.146 Safari/537.36" 0.696425
02-09-2021 23:57:04 - 127.0.0.1:52550 "GET /api/auth HTTP/1.1" 200 66 "http://localhost:3000/" "Mozilla/5.0 (Macintosh; Intel Mac OS X 10_15_7) AppleWebKit/537.36 (KHTML, like Gecko) Chrome/88.0.4324.146 Safari/537.36" 0.000704
02-09-2021 23:58:28 - 127.0.0.1:52566 "GET /api/auth HTTP/1.1" 200 66 "http://localhost:3000/" "Mozilla/5.0 (Macintosh; Intel Mac OS X 10_15_7) AppleWebKit/537.36 (KHTML, like Gecko) Chrome/88.0.4324.146 Safari/537.36" 0.000487
02-09-2021 23:58:29 - 127.0.0.1:52566 "GET /api/auth HTTP/1.1" 200 66 "http://localhost:3000/" "Mozilla/5.0 (Macintosh; Intel Mac OS X 10_15_7) AppleWebKit/537.36 (KHTML, like Gecko) Chrome/88.0.4324.146 Safari/537.36" 0.000617
02-09-2021 23:59:18 - 127.0.0.1:52578 "GET /api/auth HTTP/1.1" 200 66 "http://localhost:3000/" "Mozilla/5.0 (Macintosh; Intel Mac OS X 10_15_7) AppleWebKit/537.36 (KHTML, like Gecko) Chrome/88.0.4324.146 Safari/537.36" 0.000468
02-10-2021 00:03:52 - 127.0.0.1:52625 "GET /api/auth HTTP/1.1" 200 66 "http://localhost:3000/" "Mozilla/5.0 (Macintosh; Intel Mac OS X 10_15_7) AppleWebKit/537.36 (KHTML, like Gecko) Chrome/88.0.4324.146 Safari/537.36" 0.000733
02-10-2021 00:03:57 - 127.0.0.1:52625 "DELETE /api/auth HTTP/1.1" 200 0 "http://localhost:3000/" "Mozilla/5.0 (Macintosh; Intel Mac OS X 10_15_7) AppleWebKit/537.36 (KHTML, like Gecko) Chrome/88.0.4324.146 Safari/537.36" 0.000713
02-10-2021 00:04:03 - 127.0.0.1:52641 "POST /api/auth HTTP/1.1" 200 66 "http://localhost:3000/" "Mozilla/5.0 (Macintosh; Intel Mac OS X 10_15_7) AppleWebKit/537.36 (KHTML, like Gecko) Chrome/88.0.4324.146 Safari/537.36" 0.936258
02-10-2021 00:05:13 - 127.0.0.1:52647 "DELETE /api/auth HTTP/1.1" 200 0 "http://localhost:3000/" "Mozilla/5.0 (Macintosh; Intel Mac OS X 10_15_7) AppleWebKit/537.36 (KHTML, like Gecko) Chrome/88.0.4324.146 Safari/537.36" 0.000642
02-10-2021 00:05:19 - 127.0.0.1:52649 "POST /api/auth HTTP/1.1" 200 66 "http://localhost:3000/" "Mozilla/5.0 (Macintosh; Intel Mac OS X 10_15_7) AppleWebKit/537.36 (KHTML, like Gecko) Chrome/88.0.4324.146 Safari/537.36" 0.801120
